<?xml version="1.0" encoding="UTF-8"?>
<testng-results ignored="0" total="1" passed="1" failed="0" skipped="0">
  <reporter-output>
  </reporter-output>
  <suite started-at="2025-04-25T16:00:46 IST" name="Suite" finished-at="2025-04-25T16:00:46 IST" duration-ms="140">
    <groups>
    </groups>
    <test started-at="2025-04-25T16:00:46 IST" name="Test" finished-at="2025-04-25T16:00:46 IST" duration-ms="140">
      <class name="OurGITPractice.OurGITPractice.AppTest">
        <test-method signature="AppTest()[pri:0, instance:OurGITPractice.OurGITPractice.AppTest@6b09fb41]" started-at="2025-04-25T16:00:46 IST" name="AppTest" finished-at="2025-04-25T16:00:46 IST" duration-ms="45" status="PASS">
          <reporter-output>
          </reporter-output>
        </test-method> <!-- AppTest -->
      </class> <!-- OurGITPractice.OurGITPractice.AppTest -->
    </test> <!-- Test -->
  </suite> <!-- Suite -->
</testng-results>
